[debug] [2018-07-30T09:10:53.521Z] ----------------------------------------------------------------------
[debug] [2018-07-30T09:10:53.524Z] Command:       /usr/local/bin/node /usr/local/bin/firebase deploy
[debug] [2018-07-30T09:10:53.524Z] CLI Version:   4.0.0
[debug] [2018-07-30T09:10:53.524Z] Platform:      linux
[debug] [2018-07-30T09:10:53.524Z] Node Version:  v6.11.5
[debug] [2018-07-30T09:10:53.524Z] Time:          Mon Jul 30 2018 11:10:53 GMT+0200 (CEST)
[debug] [2018-07-30T09:10:53.524Z] ----------------------------------------------------------------------
[debug] 
[debug] [2018-07-30T09:10:53.534Z] > command requires scopes: ["email","openid","https://www.googleapis.com/auth/cloudplatformprojects.readonly","https://www.googleapis.com/auth/firebase","https://www.googleapis.com/auth/cloud-platform"]
[debug] [2018-07-30T09:10:53.534Z] > authorizing via signed-in user
[debug] [2018-07-30T09:10:53.536Z] >>> HTTP REQUEST GET https://admin.firebase.com/v1/projects/choosabl-1e2ea  
  
 Mon Jul 30 2018 11:10:53 GMT+0200 (CEST)
[debug] [2018-07-30T09:10:54.281Z] <<< HTTP RESPONSE 200
[debug] [2018-07-30T09:10:54.282Z] >>> HTTP REQUEST GET https://admin.firebase.com/v1/database/choosabl-1e2ea/tokens  
  
 Mon Jul 30 2018 11:10:54 GMT+0200 (CEST)
[debug] [2018-07-30T09:10:54.913Z] <<< HTTP RESPONSE 200
[info] 
[info] === Deploying to 'choosabl-1e2ea'...
[info] 
[info] i  deploying functions, hosting
[debug] [2018-07-30T09:10:58.982Z] > [functions] package.json contents: {
  "name": "choosabl-api",
  "version": "0.1.0-alpha",
  "private": true,
  "author": "Brice Colucci <brice.colucci@gmail.com>",
  "homepage": "https://github.com/bcolucci/choosabl/tree/master/api",
  "scripts": {
    "serve": "sudo firebase serve --only functions",
    "shell": "firebase functions:shell",
    "start": "npm run shell",
    "deploy": "firebase deploy --only functions",
    "logs": "firebase functions:log",
    "test": "ava src/*.spec.js",
    "dev": "npm test -- --watch",
    "format": "prettier-standard '**/*.js'",
    "prepackage:functions": "rimraf ../functions && npm run format",
    "package:functions": "babel . --out-dir ../functions --copy-files --ignore node_modules/",
    "postpackage:functions": "cd ../functions && npm install --only=production"
  },
  "dependencies": {
    "casual": "^1.5.19",
    "cors": "^2.8.4",
    "express": "^4.16.3",
    "express-firebase-auth": "^1.3.4",
    "firebase-admin": "~5.13.0",
    "firebase-functions": "^2.0.0"
  },
  "devDependencies": {
    "@babel/cli": "^7.0.0-beta.54",
    "@babel/core": "^7.0.0-beta.54",
    "@babel/preset-env": "^7.0.0-beta.54",
    "@babel/register": "^7.0.0-beta.55",
    "ava": "^1.0.0-beta.6",
    "firebase-functions-test": "^0.1.3",
    "husky": "^0.14.3",
    "prettier-standard": "^8.0.1",
    "rimraf": "^2.6.2"
  },
  "ava": {
    "failFast": true,
    "failWithoutAssertions": false,
    "require": [
      "@babel/register"
    ]
  },
  "husky": {
    "hooks": {
      "pre-commit": "npm run format",
      "pre-push": "npm run format"
    }
  }
}
[info] i  functions: ensuring necessary APIs are enabled...
[debug] [2018-07-30T09:10:58.983Z] >>> HTTP REQUEST GET https://servicemanagement.googleapis.com/v1/services/cloudfunctions.googleapis.com/projectSettings/choosabl-1e2ea?view=CONSUMER_VIEW  
  
 Mon Jul 30 2018 11:10:58 GMT+0200 (CEST)
[debug] [2018-07-30T09:10:58.984Z] >>> HTTP REQUEST GET https://servicemanagement.googleapis.com/v1/services/runtimeconfig.googleapis.com/projectSettings/choosabl-1e2ea?view=CONSUMER_VIEW  
  
 Mon Jul 30 2018 11:10:58 GMT+0200 (CEST)
[debug] [2018-07-30T09:11:00.160Z] <<< HTTP RESPONSE 200
[info] ✔  functions: all necessary APIs are enabled
[debug] [2018-07-30T09:11:00.181Z] <<< HTTP RESPONSE 200
[debug] [2018-07-30T09:11:00.184Z] >>> HTTP REQUEST GET https://cloudresourcemanager.googleapis.com/v1/projects/choosabl-1e2ea  
  
 Mon Jul 30 2018 11:11:00 GMT+0200 (CEST)
[debug] [2018-07-30T09:11:00.978Z] <<< HTTP RESPONSE 200
[debug] [2018-07-30T09:11:00.980Z] >>> HTTP REQUEST GET https://mobilesdk-pa.googleapis.com/v1/projects/489139856067:getServerAppConfig  
  
 Mon Jul 30 2018 11:11:00 GMT+0200 (CEST)
[debug] [2018-07-30T09:11:01.483Z] <<< HTTP RESPONSE 200
[info] i  functions: preparing functions directory for uploading...
[debug] [2018-07-30T09:11:01.505Z] >>> HTTP REQUEST GET https://runtimeconfig.googleapis.com/v1beta1/projects/choosabl-1e2ea/configs  
  
 Mon Jul 30 2018 11:11:01 GMT+0200 (CEST)
[debug] [2018-07-30T09:11:01.810Z] <<< HTTP RESPONSE 200
[info] i  functions: packaged functions (67.41 KB) for uploading
[debug] [2018-07-30T09:11:02.303Z] >>> HTTP REQUEST POST https://cloudfunctions.googleapis.com/v1/projects/choosabl-1e2ea/locations/us-central1/functions:generateUploadUrl  
  
 Mon Jul 30 2018 11:11:02 GMT+0200 (CEST)
[debug] [2018-07-30T09:11:02.703Z] <<< HTTP RESPONSE 200
[debug] [2018-07-30T09:11:02.706Z] >>> HTTP REQUEST PUT https://storage.googleapis.com/gcf-upload-us-central1-aa82ed4d-e24f-4e3a-b5b7-877add57f24d/186b489c-310b-4ac2-beb4-d4c2be1dcf0f.zip?GoogleAccessId=service-489139856067@gcf-admin-robot.iam.gserviceaccount.com&Expires=1532943662&Signature=VRO%2FQjuU71UyI4zCyq51tMIBfhWiUKpRC80XsM%2Fi1jmVoT9KUCDCbk5WXEXr0XeT%2FOW3A7v6v3u2qSCArTQaUSqYpBdu5MjV7FDVit0Go%2FRBaS4kyESa%2B24oza%2FH5CsLBBPZzjOzSatLgmIVfEjheJai%2FUK2rfMxrpuXHb4uC3kyd6cD7wpe5iKHbVShMNAictDreu0Xz7puDM7MDPKQ0xApnPEZy7cZVTc4TSxQXKcuhXfTA1Z2eOUacYZozhP9UXIAugIQ182sf1%2FsgNLf7jFDS%2F2zeb6s5NUfKLizTwdaBal9YQ80u%2F4fHITTa8NpUqDXvnaKFlxuTSfm5A5lYA%3D%3D  
 ReadStream {
  _readableState: 
   ReadableState {
     objectMode: false,
     highWaterMark: 65536,
     buffer: BufferList { head: [Object], tail: [Object], length: 1 },
     length: 65536,
     pipes: null,
     pipesCount: 0,
     flowing: null,
     ended: false,
     endEmitted: false,
     reading: false,
     sync: false,
     needReadable: false,
     emittedReadable: true,
     readableListening: false,
     resumeScheduled: false,
     defaultEncoding: 'utf8',
     ranOut: false,
     awaitDrain: 0,
     readingMore: false,
     decoder: null,
     encoding: null },
  readable: true,
  domain: null,
  _events: { end: [Function] },
  _eventsCount: 1,
  _maxListeners: undefined,
  path: '/tmp/firebase-functions-24396GouIJBl3gqcu.zip',
  fd: 15,
  flags: 'r',
  mode: 438,
  start: undefined,
  end: undefined,
  autoClose: true,
  pos: undefined,
  bytesRead: 65536 } 
 Mon Jul 30 2018 11:11:02 GMT+0200 (CEST)
[debug] [2018-07-30T09:11:04.051Z] <<< HTTP RESPONSE 200
[info] ✔  functions: functions folder uploaded successfully
[info] i  hosting: preparing client/build directory for upload...
[debug] [2018-07-30T09:11:04.596Z] >>> HTTP REQUEST PUT https://deploy.firebase.com/v1/hosting/choosabl-1e2ea/uploads/-LIeS77DD7V0vQiXWzpJ?fileCount=14&message=  
  
 Mon Jul 30 2018 11:11:04 GMT+0200 (CEST)
[debug] [2018-07-30T09:11:26.401Z] <<< HTTP RESPONSE 200
[debug] [2018-07-30T09:11:26.403Z] [hosting] .tgz uploaded successfully, waiting for extraction
[info] ✔  hosting: 14 files uploaded successfully
[debug] [2018-07-30T09:11:27.040Z] [hosting] deploy completed after 22984ms
[debug] [2018-07-30T09:11:27.252Z] >>> HTTP REQUEST GET https://cloudfunctions.googleapis.com/v1/projects/choosabl-1e2ea/locations/-/functions  
  
 Mon Jul 30 2018 11:11:27 GMT+0200 (CEST)
[debug] [2018-07-30T09:11:27.896Z] <<< HTTP RESPONSE 200
[info] i  functions: updating Node.js 6 function hello(us-central1)...
[debug] [2018-07-30T09:11:27.911Z] Trigger is:  {"httpsTrigger":{}}
[info] i  functions: updating Node.js 6 function messages(us-central1)...
[debug] [2018-07-30T09:11:27.912Z] Trigger is:  {"httpsTrigger":{}}
[info] i  functions: updating Node.js 6 function secret(us-central1)...
[debug] [2018-07-30T09:11:27.913Z] Trigger is:  {"httpsTrigger":{}}
[debug] [2018-07-30T09:11:27.915Z] >>> HTTP REQUEST PATCH https://cloudfunctions.googleapis.com/v1/projects/choosabl-1e2ea/locations/us-central1/functions/hello 
query params: {"updateMask":"sourceUploadUrl,name,labels,httpsTrigger"} 
 { sourceUploadUrl: 'https://storage.googleapis.com/gcf-upload-us-central1-aa82ed4d-e24f-4e3a-b5b7-877add57f24d/186b489c-310b-4ac2-beb4-d4c2be1dcf0f.zip?GoogleAccessId=service-489139856067@gcf-admin-robot.iam.gserviceaccount.com&Expires=1532943662&Signature=VRO%2FQjuU71UyI4zCyq51tMIBfhWiUKpRC80XsM%2Fi1jmVoT9KUCDCbk5WXEXr0XeT%2FOW3A7v6v3u2qSCArTQaUSqYpBdu5MjV7FDVit0Go%2FRBaS4kyESa%2B24oza%2FH5CsLBBPZzjOzSatLgmIVfEjheJai%2FUK2rfMxrpuXHb4uC3kyd6cD7wpe5iKHbVShMNAictDreu0Xz7puDM7MDPKQ0xApnPEZy7cZVTc4TSxQXKcuhXfTA1Z2eOUacYZozhP9UXIAugIQ182sf1%2FsgNLf7jFDS%2F2zeb6s5NUfKLizTwdaBal9YQ80u%2F4fHITTa8NpUqDXvnaKFlxuTSfm5A5lYA%3D%3D',
  name: 'projects/choosabl-1e2ea/locations/us-central1/functions/hello',
  labels: { 'deployment-tool': 'cli-firebase' },
  httpsTrigger: {} } 
 Mon Jul 30 2018 11:11:27 GMT+0200 (CEST)
[debug] [2018-07-30T09:11:27.919Z] >>> HTTP REQUEST PATCH https://cloudfunctions.googleapis.com/v1/projects/choosabl-1e2ea/locations/us-central1/functions/messages 
query params: {"updateMask":"sourceUploadUrl,name,labels,httpsTrigger"} 
 { sourceUploadUrl: 'https://storage.googleapis.com/gcf-upload-us-central1-aa82ed4d-e24f-4e3a-b5b7-877add57f24d/186b489c-310b-4ac2-beb4-d4c2be1dcf0f.zip?GoogleAccessId=service-489139856067@gcf-admin-robot.iam.gserviceaccount.com&Expires=1532943662&Signature=VRO%2FQjuU71UyI4zCyq51tMIBfhWiUKpRC80XsM%2Fi1jmVoT9KUCDCbk5WXEXr0XeT%2FOW3A7v6v3u2qSCArTQaUSqYpBdu5MjV7FDVit0Go%2FRBaS4kyESa%2B24oza%2FH5CsLBBPZzjOzSatLgmIVfEjheJai%2FUK2rfMxrpuXHb4uC3kyd6cD7wpe5iKHbVShMNAictDreu0Xz7puDM7MDPKQ0xApnPEZy7cZVTc4TSxQXKcuhXfTA1Z2eOUacYZozhP9UXIAugIQ182sf1%2FsgNLf7jFDS%2F2zeb6s5NUfKLizTwdaBal9YQ80u%2F4fHITTa8NpUqDXvnaKFlxuTSfm5A5lYA%3D%3D',
  name: 'projects/choosabl-1e2ea/locations/us-central1/functions/messages',
  labels: { 'deployment-tool': 'cli-firebase' },
  httpsTrigger: {} } 
 Mon Jul 30 2018 11:11:27 GMT+0200 (CEST)
[debug] [2018-07-30T09:11:27.920Z] >>> HTTP REQUEST PATCH https://cloudfunctions.googleapis.com/v1/projects/choosabl-1e2ea/locations/us-central1/functions/secret 
query params: {"updateMask":"sourceUploadUrl,name,labels,httpsTrigger"} 
 { sourceUploadUrl: 'https://storage.googleapis.com/gcf-upload-us-central1-aa82ed4d-e24f-4e3a-b5b7-877add57f24d/186b489c-310b-4ac2-beb4-d4c2be1dcf0f.zip?GoogleAccessId=service-489139856067@gcf-admin-robot.iam.gserviceaccount.com&Expires=1532943662&Signature=VRO%2FQjuU71UyI4zCyq51tMIBfhWiUKpRC80XsM%2Fi1jmVoT9KUCDCbk5WXEXr0XeT%2FOW3A7v6v3u2qSCArTQaUSqYpBdu5MjV7FDVit0Go%2FRBaS4kyESa%2B24oza%2FH5CsLBBPZzjOzSatLgmIVfEjheJai%2FUK2rfMxrpuXHb4uC3kyd6cD7wpe5iKHbVShMNAictDreu0Xz7puDM7MDPKQ0xApnPEZy7cZVTc4TSxQXKcuhXfTA1Z2eOUacYZozhP9UXIAugIQ182sf1%2FsgNLf7jFDS%2F2zeb6s5NUfKLizTwdaBal9YQ80u%2F4fHITTa8NpUqDXvnaKFlxuTSfm5A5lYA%3D%3D',
  name: 'projects/choosabl-1e2ea/locations/us-central1/functions/secret',
  labels: { 'deployment-tool': 'cli-firebase' },
  httpsTrigger: {} } 
 Mon Jul 30 2018 11:11:27 GMT+0200 (CEST)
[debug] [2018-07-30T09:11:28.322Z] <<< HTTP RESPONSE 200
[debug] [2018-07-30T09:11:28.327Z] <<< HTTP RESPONSE 200
[debug] [2018-07-30T09:11:28.358Z] <<< HTTP RESPONSE 200
[debug] [2018-07-30T09:11:28.364Z] >>> HTTP REQUEST GET https://cloudfunctions.googleapis.com/v1/projects/choosabl-1e2ea/locations/-/functions  
  
 Mon Jul 30 2018 11:11:28 GMT+0200 (CEST)
[debug] [2018-07-30T09:11:28.957Z] <<< HTTP RESPONSE 200
[debug] [2018-07-30T09:11:28.959Z] >>> HTTP REQUEST GET https://cloudfunctions.googleapis.com/v1/operations/Y2hvb3NhYmwtMWUyZWEvdXMtY2VudHJhbDEvaGVsbG8vS0YwLWhJZ2t5LWs  
  
 Mon Jul 30 2018 11:11:28 GMT+0200 (CEST)
[debug] [2018-07-30T09:11:28.960Z] >>> HTTP REQUEST GET https://cloudfunctions.googleapis.com/v1/operations/Y2hvb3NhYmwtMWUyZWEvdXMtY2VudHJhbDEvbWVzc2FnZXMvYzBDenlfSXI1MmM  
  
 Mon Jul 30 2018 11:11:28 GMT+0200 (CEST)
[debug] [2018-07-30T09:11:28.961Z] >>> HTTP REQUEST GET https://cloudfunctions.googleapis.com/v1/operations/Y2hvb3NhYmwtMWUyZWEvdXMtY2VudHJhbDEvc2VjcmV0L3FXNEdnZmNRdUFz  
  
 Mon Jul 30 2018 11:11:28 GMT+0200 (CEST)
[debug] [2018-07-30T09:11:29.247Z] <<< HTTP RESPONSE 200
[debug] [2018-07-30T09:11:29.253Z] <<< HTTP RESPONSE 200
[debug] [2018-07-30T09:11:29.254Z] <<< HTTP RESPONSE 200
[debug] [2018-07-30T09:11:31.253Z] >>> HTTP REQUEST GET https://cloudfunctions.googleapis.com/v1/operations/Y2hvb3NhYmwtMWUyZWEvdXMtY2VudHJhbDEvbWVzc2FnZXMvYzBDenlfSXI1MmM  
  
 Mon Jul 30 2018 11:11:31 GMT+0200 (CEST)
[debug] [2018-07-30T09:11:31.262Z] >>> HTTP REQUEST GET https://cloudfunctions.googleapis.com/v1/operations/Y2hvb3NhYmwtMWUyZWEvdXMtY2VudHJhbDEvaGVsbG8vS0YwLWhJZ2t5LWs  
  
 Mon Jul 30 2018 11:11:31 GMT+0200 (CEST)
[debug] [2018-07-30T09:11:31.265Z] >>> HTTP REQUEST GET https://cloudfunctions.googleapis.com/v1/operations/Y2hvb3NhYmwtMWUyZWEvdXMtY2VudHJhbDEvc2VjcmV0L3FXNEdnZmNRdUFz  
  
 Mon Jul 30 2018 11:11:31 GMT+0200 (CEST)
[debug] [2018-07-30T09:11:31.555Z] <<< HTTP RESPONSE 200
[debug] [2018-07-30T09:11:31.557Z] <<< HTTP RESPONSE 200
[debug] [2018-07-30T09:11:31.572Z] <<< HTTP RESPONSE 200
[debug] [2018-07-30T09:11:33.559Z] >>> HTTP REQUEST GET https://cloudfunctions.googleapis.com/v1/operations/Y2hvb3NhYmwtMWUyZWEvdXMtY2VudHJhbDEvaGVsbG8vS0YwLWhJZ2t5LWs  
  
 Mon Jul 30 2018 11:11:33 GMT+0200 (CEST)
[debug] [2018-07-30T09:11:33.561Z] >>> HTTP REQUEST GET https://cloudfunctions.googleapis.com/v1/operations/Y2hvb3NhYmwtMWUyZWEvdXMtY2VudHJhbDEvbWVzc2FnZXMvYzBDenlfSXI1MmM  
  
 Mon Jul 30 2018 11:11:33 GMT+0200 (CEST)
[debug] [2018-07-30T09:11:33.600Z] >>> HTTP REQUEST GET https://cloudfunctions.googleapis.com/v1/operations/Y2hvb3NhYmwtMWUyZWEvdXMtY2VudHJhbDEvc2VjcmV0L3FXNEdnZmNRdUFz  
  
 Mon Jul 30 2018 11:11:33 GMT+0200 (CEST)
[debug] [2018-07-30T09:11:33.875Z] <<< HTTP RESPONSE 200
[debug] [2018-07-30T09:11:33.887Z] <<< HTTP RESPONSE 200
[debug] [2018-07-30T09:11:34.013Z] <<< HTTP RESPONSE 200
[debug] [2018-07-30T09:11:35.879Z] >>> HTTP REQUEST GET https://cloudfunctions.googleapis.com/v1/operations/Y2hvb3NhYmwtMWUyZWEvdXMtY2VudHJhbDEvaGVsbG8vS0YwLWhJZ2t5LWs  
  
 Mon Jul 30 2018 11:11:35 GMT+0200 (CEST)
[debug] [2018-07-30T09:11:35.888Z] >>> HTTP REQUEST GET https://cloudfunctions.googleapis.com/v1/operations/Y2hvb3NhYmwtMWUyZWEvdXMtY2VudHJhbDEvc2VjcmV0L3FXNEdnZmNRdUFz  
  
 Mon Jul 30 2018 11:11:35 GMT+0200 (CEST)
[debug] [2018-07-30T09:11:36.015Z] >>> HTTP REQUEST GET https://cloudfunctions.googleapis.com/v1/operations/Y2hvb3NhYmwtMWUyZWEvdXMtY2VudHJhbDEvbWVzc2FnZXMvYzBDenlfSXI1MmM  
  
 Mon Jul 30 2018 11:11:36 GMT+0200 (CEST)
[debug] [2018-07-30T09:11:36.140Z] <<< HTTP RESPONSE 200
[debug] [2018-07-30T09:11:36.164Z] <<< HTTP RESPONSE 200
[debug] [2018-07-30T09:11:36.284Z] <<< HTTP RESPONSE 200
[debug] [2018-07-30T09:11:38.146Z] >>> HTTP REQUEST GET https://cloudfunctions.googleapis.com/v1/operations/Y2hvb3NhYmwtMWUyZWEvdXMtY2VudHJhbDEvaGVsbG8vS0YwLWhJZ2t5LWs  
  
 Mon Jul 30 2018 11:11:38 GMT+0200 (CEST)
[debug] [2018-07-30T09:11:38.165Z] >>> HTTP REQUEST GET https://cloudfunctions.googleapis.com/v1/operations/Y2hvb3NhYmwtMWUyZWEvdXMtY2VudHJhbDEvc2VjcmV0L3FXNEdnZmNRdUFz  
  
 Mon Jul 30 2018 11:11:38 GMT+0200 (CEST)
[debug] [2018-07-30T09:11:38.286Z] >>> HTTP REQUEST GET https://cloudfunctions.googleapis.com/v1/operations/Y2hvb3NhYmwtMWUyZWEvdXMtY2VudHJhbDEvbWVzc2FnZXMvYzBDenlfSXI1MmM  
  
 Mon Jul 30 2018 11:11:38 GMT+0200 (CEST)
[debug] [2018-07-30T09:11:38.410Z] <<< HTTP RESPONSE 200
[debug] [2018-07-30T09:11:38.417Z] <<< HTTP RESPONSE 200
[debug] [2018-07-30T09:11:38.560Z] <<< HTTP RESPONSE 200
[debug] [2018-07-30T09:11:40.413Z] >>> HTTP REQUEST GET https://cloudfunctions.googleapis.com/v1/operations/Y2hvb3NhYmwtMWUyZWEvdXMtY2VudHJhbDEvaGVsbG8vS0YwLWhJZ2t5LWs  
  
 Mon Jul 30 2018 11:11:40 GMT+0200 (CEST)
[debug] [2018-07-30T09:11:40.462Z] >>> HTTP REQUEST GET https://cloudfunctions.googleapis.com/v1/operations/Y2hvb3NhYmwtMWUyZWEvdXMtY2VudHJhbDEvc2VjcmV0L3FXNEdnZmNRdUFz  
  
 Mon Jul 30 2018 11:11:40 GMT+0200 (CEST)
[debug] [2018-07-30T09:11:40.560Z] >>> HTTP REQUEST GET https://cloudfunctions.googleapis.com/v1/operations/Y2hvb3NhYmwtMWUyZWEvdXMtY2VudHJhbDEvbWVzc2FnZXMvYzBDenlfSXI1MmM  
  
 Mon Jul 30 2018 11:11:40 GMT+0200 (CEST)
[debug] [2018-07-30T09:11:40.725Z] <<< HTTP RESPONSE 200
[debug] [2018-07-30T09:11:40.739Z] <<< HTTP RESPONSE 200
[debug] [2018-07-30T09:11:40.829Z] <<< HTTP RESPONSE 200
[debug] [2018-07-30T09:11:42.727Z] >>> HTTP REQUEST GET https://cloudfunctions.googleapis.com/v1/operations/Y2hvb3NhYmwtMWUyZWEvdXMtY2VudHJhbDEvaGVsbG8vS0YwLWhJZ2t5LWs  
  
 Mon Jul 30 2018 11:11:42 GMT+0200 (CEST)
[debug] [2018-07-30T09:11:42.740Z] >>> HTTP REQUEST GET https://cloudfunctions.googleapis.com/v1/operations/Y2hvb3NhYmwtMWUyZWEvdXMtY2VudHJhbDEvc2VjcmV0L3FXNEdnZmNRdUFz  
  
 Mon Jul 30 2018 11:11:42 GMT+0200 (CEST)
[debug] [2018-07-30T09:11:42.830Z] >>> HTTP REQUEST GET https://cloudfunctions.googleapis.com/v1/operations/Y2hvb3NhYmwtMWUyZWEvdXMtY2VudHJhbDEvbWVzc2FnZXMvYzBDenlfSXI1MmM  
  
 Mon Jul 30 2018 11:11:42 GMT+0200 (CEST)
[debug] [2018-07-30T09:11:42.997Z] <<< HTTP RESPONSE 200
[debug] [2018-07-30T09:11:43.000Z] <<< HTTP RESPONSE 200
[debug] [2018-07-30T09:11:43.245Z] <<< HTTP RESPONSE 200
